<?xml version="1.0" encoding="UTF-8"?>
<testsuite xmlns:xsi="http://www.w3.org/2001/XMLSchema-instance" xsi:noNamespaceSchemaLocation="https://maven.apache.org/surefire/maven-surefire-plugin/xsd/surefire-test-report-3.0.xsd" version="3.0" name="catering.businesslogic.kitchen.SummarySheetTest" time="0.872" tests="8" errors="0" skipped="0" failures="0">
  <properties>
[...]
</properties>
  <testcase name="testSummarySheetCreation" classname="catering.businesslogic.kitchen.SummarySheetTest" time="0.091">
    <system-err><![CDATA[2025-05-20 20:16:48.767 [SEVERE] catering.persistence.PersistenceManager: Error executing SQL from file: database/catering_init_sqlite.sql
org.sqlite.SQLiteException: [SQLITE_ERROR] SQL error or missing database (table Lavoratori already exists)
	at org.sqlite.core.DB.newSQLException(DB.java:1179)
	at org.sqlite.core.DB.newSQLException(DB.java:1190)
	at org.sqlite.core.DB.throwex(DB.java:1150)
	at org.sqlite.core.NativeDB._exec_utf8(Native Method)
	at org.sqlite.core.NativeDB._exec(NativeDB.java:99)
	at org.sqlite.jdbc3.JDBC3Statement.lambda$executeLargeUpdate$2(JDBC3Statement.java:139)
	at org.sqlite.jdbc3.JDBC3Statement.withConnectionTimeout(JDBC3Statement.java:458)
	at org.sqlite.jdbc3.JDBC3Statement.executeLargeUpdate(JDBC3Statement.java:126)
	at org.sqlite.jdbc3.JDBC3Statement.executeUpdate(JDBC3Statement.java:113)
	at catering.persistence.PersistenceManager.initializeDatabase(PersistenceManager.java:81)
	at catering.businesslogic.kitchen.SummarySheetTest.init(SummarySheetTest.java:46)
	at java.base/jdk.internal.reflect.DirectMethodHandleAccessor.invoke(DirectMethodHandleAccessor.java:103)
	at java.base/java.lang.reflect.Method.invoke(Method.java:580)
	at org.junit.platform.commons.util.ReflectionUtils.invokeMethod(ReflectionUtils.java:775)
	at org.junit.platform.commons.support.ReflectionSupport.invokeMethod(ReflectionSupport.java:479)
	at org.junit.jupiter.engine.execution.MethodInvocation.proceed(MethodInvocation.java:60)
	at org.junit.jupiter.engine.execution.InvocationInterceptorChain$ValidatingInvocation.proceed(InvocationInterceptorChain.java:131)
	at org.junit.jupiter.engine.extension.TimeoutExtension.intercept(TimeoutExtension.java:161)
	at org.junit.jupiter.engine.extension.TimeoutExtension.interceptLifecycleMethod(TimeoutExtension.java:133)
	at org.junit.jupiter.engine.extension.TimeoutExtension.interceptBeforeAllMethod(TimeoutExtension.java:75)
	at org.junit.jupiter.engine.execution.InterceptingExecutableInvoker$ReflectiveInterceptorCall.lambda$ofVoidMethod$0(InterceptingExecutableInvoker.java:112)
	at org.junit.jupiter.engine.execution.InterceptingExecutableInvoker.lambda$invoke$0(InterceptingExecutableInvoker.java:94)
	at org.junit.jupiter.engine.execution.InvocationInterceptorChain$InterceptedInvocation.proceed(InvocationInterceptorChain.java:106)
	at org.junit.jupiter.engine.execution.InvocationInterceptorChain.proceed(InvocationInterceptorChain.java:64)
	at org.junit.jupiter.engine.execution.InvocationInterceptorChain.chainAndInvoke(InvocationInterceptorChain.java:45)
	at org.junit.jupiter.engine.execution.InvocationInterceptorChain.invoke(InvocationInterceptorChain.java:37)
	at org.junit.jupiter.engine.execution.InterceptingExecutableInvoker.invoke(InterceptingExecutableInvoker.java:93)
	at org.junit.jupiter.engine.execution.InterceptingExecutableInvoker.invoke(InterceptingExecutableInvoker.java:87)
	at org.junit.jupiter.engine.descriptor.ClassBasedTestDescriptor.lambda$invokeBeforeAllMethods$13(ClassBasedTestDescriptor.java:417)
	at org.junit.platform.engine.support.hierarchical.ThrowableCollector.execute(ThrowableCollector.java:73)
	at org.junit.jupiter.engine.descriptor.ClassBasedTestDescriptor.invokeBeforeAllMethods(ClassBasedTestDescriptor.java:415)
	at org.junit.jupiter.engine.descriptor.ClassBasedTestDescriptor.before(ClassBasedTestDescriptor.java:216)
	at org.junit.jupiter.engine.descriptor.ClassBasedTestDescriptor.before(ClassBasedTestDescriptor.java:84)
	at org.junit.platform.engine.support.hierarchical.NodeTestTask.lambda$executeRecursively$6(NodeTestTask.java:153)
	at org.junit.platform.engine.support.hierarchical.ThrowableCollector.execute(ThrowableCollector.java:73)
	at org.junit.platform.engine.support.hierarchical.NodeTestTask.lambda$executeRecursively$8(NodeTestTask.java:146)
	at org.junit.platform.engine.support.hierarchical.Node.around(Node.java:137)
	at org.junit.platform.engine.support.hierarchical.NodeTestTask.lambda$executeRecursively$9(NodeTestTask.java:144)
	at org.junit.platform.engine.support.hierarchical.ThrowableCollector.execute(ThrowableCollector.java:73)
	at org.junit.platform.engine.support.hierarchical.NodeTestTask.executeRecursively(NodeTestTask.java:143)
	at org.junit.platform.engine.support.hierarchical.NodeTestTask.execute(NodeTestTask.java:100)
	at java.base/java.util.ArrayList.forEach(ArrayList.java:1597)
	at org.junit.platform.engine.support.hierarchical.SameThreadHierarchicalTestExecutorService.invokeAll(SameThreadHierarchicalTestExecutorService.java:41)
	at org.junit.platform.engine.support.hierarchical.NodeTestTask.lambda$executeRecursively$6(NodeTestTask.java:160)
	at org.junit.platform.engine.support.hierarchical.ThrowableCollector.execute(ThrowableCollector.java:73)
	at org.junit.platform.engine.support.hierarchical.NodeTestTask.lambda$executeRecursively$8(NodeTestTask.java:146)
	at org.junit.platform.engine.support.hierarchical.Node.around(Node.java:137)
	at org.junit.platform.engine.support.hierarchical.NodeTestTask.lambda$executeRecursively$9(NodeTestTask.java:144)
	at org.junit.platform.engine.support.hierarchical.ThrowableCollector.execute(ThrowableCollector.java:73)
	at org.junit.platform.engine.support.hierarchical.NodeTestTask.executeRecursively(NodeTestTask.java:143)
	at org.junit.platform.engine.support.hierarchical.NodeTestTask.execute(NodeTestTask.java:100)
	at org.junit.platform.engine.support.hierarchical.SameThreadHierarchicalTestExecutorService.submit(SameThreadHierarchicalTestExecutorService.java:35)
	at org.junit.platform.engine.support.hierarchical.HierarchicalTestExecutor.execute(HierarchicalTestExecutor.java:57)
	at org.junit.platform.engine.support.hierarchical.HierarchicalTestEngine.execute(HierarchicalTestEngine.java:54)
	at org.junit.platform.launcher.core.EngineExecutionOrchestrator.execute(EngineExecutionOrchestrator.java:201)
	at org.junit.platform.launcher.core.EngineExecutionOrchestrator.execute(EngineExecutionOrchestrator.java:170)
	at org.junit.platform.launcher.core.EngineExecutionOrchestrator.execute(EngineExecutionOrchestrator.java:94)
	at org.junit.platform.launcher.core.EngineExecutionOrchestrator.lambda$execute$0(EngineExecutionOrchestrator.java:59)
	at org.junit.platform.launcher.core.EngineExecutionOrchestrator.withInterceptedStreams(EngineExecutionOrchestrator.java:142)
	at org.junit.platform.launcher.core.EngineExecutionOrchestrator.execute(EngineExecutionOrchestrator.java:58)
	at org.junit.platform.launcher.core.DefaultLauncher.execute(DefaultLauncher.java:103)
	at org.junit.platform.launcher.core.DefaultLauncher.execute(DefaultLauncher.java:85)
	at org.junit.platform.launcher.core.DelegatingLauncher.execute(DelegatingLauncher.java:47)
	at org.junit.platform.launcher.core.InterceptingLauncher.lambda$execute$1(InterceptingLauncher.java:39)
	at org.junit.platform.launcher.core.ClasspathAlignmentCheckingLauncherInterceptor.intercept(ClasspathAlignmentCheckingLauncherInterceptor.java:25)
	at org.junit.platform.launcher.core.InterceptingLauncher.execute(InterceptingLauncher.java:38)
	at org.junit.platform.launcher.core.DelegatingLauncher.execute(DelegatingLauncher.java:47)
	at org.apache.maven.surefire.junitplatform.LazyLauncher.execute(LazyLauncher.java:56)
	at org.apache.maven.surefire.junitplatform.JUnitPlatformProvider.execute(JUnitPlatformProvider.java:184)
	at org.apache.maven.surefire.junitplatform.JUnitPlatformProvider.invokeAllTests(JUnitPlatformProvider.java:148)
	at org.apache.maven.surefire.junitplatform.JUnitPlatformProvider.invoke(JUnitPlatformProvider.java:122)
	at org.apache.maven.surefire.booter.ForkedBooter.runSuitesInProcess(ForkedBooter.java:385)
	at org.apache.maven.surefire.booter.ForkedBooter.execute(ForkedBooter.java:162)
	at org.apache.maven.surefire.booter.ForkedBooter.run(ForkedBooter.java:507)
	at org.apache.maven.surefire.booter.ForkedBooter.main(ForkedBooter.java:495)

2025-05-20 20:16:48.772 [INFO] catering.businesslogic.shift.Shift: Loading all shifts from database
2025-05-20 20:16:48.778 [INFO] catering.businesslogic.shift.Shift: Loaded 0 shifts
2025-05-20 20:16:48.845 [INFO] catering.businesslogic.user.UserManager: Attempting login for user: Antonio
2025-05-20 20:16:48.846 [INFO] catering.businesslogic.user.UserManager: User successfully logged in: Antonio
2025-05-20 20:16:48.849 [INFO] catering.businesslogic.kitchen.SummarySheetTest: Testing summary sheet creation
2025-05-20 20:16:48.867 [INFO] catering.businesslogic.kitchen.SummarySheetTest: Created summary sheet: 

SummarySheet [ID: 0, Owner: Antonio, Service: Pranzo Buffet Aziendale, Tasks: 9, Assignments: 0]

Tasks:
  1. [ ] Caprese
  2. [ ] Prosciutto e Melone
  3. [ ] Spaghetti alla Carbonara
  4. [ ] Salsa carbonara
  5. [ ] Ossobuco alla Milanese
  6. [ ] Brodo di carne
  7. [ ] Gremolata
  8. [ ] Panna Cotta
  9. [ ] Gelato Artigianale
]]></system-err>
  </testcase>
  <testcase name="testTaskAssignment" classname="catering.businesslogic.kitchen.SummarySheetTest" time="0.064">
    <system-err><![CDATA[2025-05-20 20:16:48.915 [INFO] catering.businesslogic.user.UserManager: Attempting login for user: Antonio
2025-05-20 20:16:48.917 [INFO] catering.businesslogic.user.UserManager: User successfully logged in: Antonio
2025-05-20 20:16:48.918 [INFO] catering.businesslogic.kitchen.SummarySheetTest: Testing task assignment to cook
2025-05-20 20:16:48.933 [INFO] catering.businesslogic.shift.Shift: Added booking for user Luca to shift ID 0
2025-05-20 20:16:48.939 [INFO] catering.businesslogic.kitchen.SummarySheetTest: Successfully assigned task. Assignment details: Task: Caprese, Cook: Luca, Shift: 2025-04-07 09:00:00-14:00:00
2025-05-20 20:16:48.939 [INFO] catering.businesslogic.kitchen.SummarySheetTest: 

SummarySheet [ID: 0, Owner: Antonio, Service: Pranzo Buffet Aziendale, Tasks: 9, Assignments: 1]

Tasks:
  1. [ ] Caprese
  2. [ ] Prosciutto e Melone
  3. [ ] Spaghetti alla Carbonara
  4. [ ] Salsa carbonara
  5. [ ] Ossobuco alla Milanese
  6. [ ] Brodo di carne
  7. [ ] Gremolata
  8. [ ] Panna Cotta
  9. [ ] Gelato Artigianale

Assignments:
  1. Task: Caprese, Cook: Luca, Shift: 2025-04-07 (09:00:00-14:00:00)
]]></system-err>
  </testcase>
  <testcase name="testRegistrazioneLavoratore" classname="catering.businesslogic.kitchen.SummarySheetTest" time="0.037">
    <system-err><![CDATA[2025-05-20 20:16:48.976 [INFO] catering.businesslogic.user.UserManager: Attempting login for user: Antonio
2025-05-20 20:16:48.977 [INFO] catering.businesslogic.user.UserManager: User successfully logged in: Antonio
]]></system-err>
  </testcase>
  <testcase name="testRichiestaEApprovazioneFerie" classname="catering.businesslogic.kitchen.SummarySheetTest" time="0.033">
    <system-out><![CDATA[Ferie richieste da Elena: Motivi personali
Ferie approvate per Elena
]]></system-out>
    <system-err><![CDATA[2025-05-20 20:16:49.007 [INFO] catering.businesslogic.user.UserManager: Attempting login for user: Antonio
2025-05-20 20:16:49.009 [INFO] catering.businesslogic.user.UserManager: User successfully logged in: Antonio
]]></system-err>
  </testcase>
  <testcase name="testAssegnazioneEvento" classname="catering.businesslogic.kitchen.SummarySheetTest" time="0.029">
    <system-err><![CDATA[2025-05-20 20:16:49.040 [INFO] catering.businesslogic.user.UserManager: Attempting login for user: Antonio
2025-05-20 20:16:49.041 [INFO] catering.businesslogic.user.UserManager: User successfully logged in: Antonio
]]></system-err>
  </testcase>
  <testcase name="testValutazioneLavoratore" classname="catering.businesslogic.kitchen.SummarySheetTest" time="0.027">
    <system-err><![CDATA[2025-05-20 20:16:49.067 [INFO] catering.businesslogic.user.UserManager: Attempting login for user: Antonio
2025-05-20 20:16:49.068 [INFO] catering.businesslogic.user.UserManager: User successfully logged in: Antonio
]]></system-err>
  </testcase>
  <testcase name="testValutazioneEvento" classname="catering.businesslogic.kitchen.SummarySheetTest" time="0.027">
    <system-err><![CDATA[2025-05-20 20:16:49.095 [INFO] catering.businesslogic.user.UserManager: Attempting login for user: Antonio
2025-05-20 20:16:49.096 [INFO] catering.businesslogic.user.UserManager: User successfully logged in: Antonio
]]></system-err>
  </testcase>
  <testcase name="testRegistrarIntegrazione" classname="catering.businesslogic.kitchen.SummarySheetTest" time="0.026">
    <system-out><![CDATA[Ferie richieste da Daniel: Visita medica
Ferie approvate per Daniel
]]></system-out>
    <system-err><![CDATA[2025-05-20 20:16:49.121 [INFO] catering.businesslogic.user.UserManager: Attempting login for user: Antonio
2025-05-20 20:16:49.122 [INFO] catering.businesslogic.user.UserManager: User successfully logged in: Antonio
]]></system-err>
  </testcase>
</testsuite>